[INFO ] 2025-03-05 16:14:01.728 [main] Loggerload - Search Test: Open Home Page: 
[INFO ] 2025-03-05 16:14:03.718 [main] Loggerload - Search Test: Test Amazon Search
[INFO ] 2025-03-05 16:14:07.309 [main] Loggerload - Product Test: Moving to cart page 
[INFO ] 2025-03-05 16:14:07.736 [main] Loggerload - Product Test: Test Add To Cart 
[INFO ] 2025-03-05 16:14:18.300 [main] Loggerload - Product Test: Moving to cart page 
[INFO ] 2025-03-05 16:14:18.643 [main] Loggerload - Cart Test:Test Cart Items 
[INFO ] 2025-03-05 16:14:21.865 [main] Loggerload - Search Test: Open Home Page: 
[INFO ] 2025-03-05 16:14:23.664 [main] Loggerload - Search Test: Test Amazon Search
[INFO ] 2025-03-05 16:14:27.134 [main] Loggerload - Product Test: Moving to cart page 
[INFO ] 2025-03-05 16:14:27.635 [main] Loggerload - Product Test: Test Add To Cart 
[INFO ] 2025-03-05 16:14:38.145 [main] Loggerload - Product Test: Moving to cart page 
[INFO ] 2025-03-05 16:14:38.447 [main] Loggerload - Cart Test:Test Cart Items 
[INFO ] 2025-03-05 16:14:43.407 [main] Loggerload - Search Test: Open Home Page: 
[INFO ] 2025-03-05 16:14:44.994 [main] Loggerload - Search Test: Test Amazon Search
[INFO ] 2025-03-05 16:14:48.467 [main] Loggerload - Product Test: Moving to cart page 
[INFO ] 2025-03-05 16:14:48.850 [main] Loggerload - Product Test: Test Add To Cart 
[INFO ] 2025-03-05 16:14:59.304 [main] Loggerload - Product Test: Moving to cart page 
[INFO ] 2025-03-05 16:14:59.599 [main] Loggerload - Cart Test:Test Cart Items 
[INFO ] 2025-03-05 16:18:55.262 [main] Loggerload - Search Test: Open Home Page: 
[INFO ] 2025-03-05 16:18:58.967 [main] Loggerload - Search Test: Test Amazon Search
[INFO ] 2025-03-05 16:19:05.550 [main] Loggerload - Product Test: Moving to cart page 
[INFO ] 2025-03-05 16:19:19.709 [main] Loggerload - Search Test: Open Home Page: 
[INFO ] 2025-03-05 16:19:24.085 [main] Loggerload - Search Test: Test Amazon Search
[INFO ] 2025-03-05 16:19:31.394 [main] Loggerload - Product Test: Moving to cart page 
[INFO ] 2025-03-05 16:19:46.097 [main] Loggerload - Search Test: Open Home Page: 
[INFO ] 2025-03-05 16:19:50.647 [main] Loggerload - Search Test: Test Amazon Search
[INFO ] 2025-03-05 16:19:59.265 [main] Loggerload - Product Test: Moving to cart page 
[INFO ] 2025-03-05 16:21:29.513 [main] Loggerload - Search Test: Open Home Page: 
[INFO ] 2025-03-05 16:21:31.913 [main] Loggerload - Search Test: Test Amazon Search
[INFO ] 2025-03-05 16:21:39.311 [main] Loggerload - Product Test: Moving to cart page 
[INFO ] 2025-03-05 16:21:40.255 [main] Loggerload - Product Test: Test Add To Cart 
[INFO ] 2025-03-05 16:21:51.321 [main] Loggerload - Product Test: Moving to cart page 
[INFO ] 2025-03-05 16:21:51.682 [main] Loggerload - Cart Test:Test Cart Items 
[INFO ] 2025-03-05 16:21:55.679 [main] Loggerload - Search Test: Open Home Page: 
[INFO ] 2025-03-05 16:21:57.749 [main] Loggerload - Search Test: Test Amazon Search
[INFO ] 2025-03-05 16:22:04.554 [main] Loggerload - Product Test: Moving to cart page 
[INFO ] 2025-03-05 16:22:05.487 [main] Loggerload - Product Test: Test Add To Cart 
[INFO ] 2025-03-05 16:22:16.030 [main] Loggerload - Product Test: Moving to cart page 
[INFO ] 2025-03-05 16:22:16.355 [main] Loggerload - Cart Test:Test Cart Items 
[INFO ] 2025-03-05 16:22:21.261 [main] Loggerload - Search Test: Open Home Page: 
[INFO ] 2025-03-05 16:22:23.061 [main] Loggerload - Search Test: Test Amazon Search
[INFO ] 2025-03-05 16:22:26.489 [main] Loggerload - Product Test: Moving to cart page 
[INFO ] 2025-03-05 16:22:26.722 [main] Loggerload - Product Test: Test Add To Cart 
[INFO ] 2025-03-05 16:22:37.305 [main] Loggerload - Product Test: Moving to cart page 
[INFO ] 2025-03-05 16:22:37.587 [main] Loggerload - Cart Test:Test Cart Items 
[INFO ] 2025-03-05 16:32:19.864 [main] Loggerload - Search Test: Open Home Page: 
[INFO ] 2025-03-05 16:32:22.406 [main] Loggerload - Search Test: Test Amazon Search
[INFO ] 2025-03-05 16:32:25.937 [main] Loggerload - Product Test: Moving to cart page 
[INFO ] 2025-03-05 16:32:26.356 [main] Loggerload - Product Test: Test Add To Cart 
[INFO ] 2025-03-05 16:32:30.739 [main] Loggerload - Product Test: Moving to cart page 
[INFO ] 2025-03-05 16:32:31.305 [main] Loggerload - Cart Test:Test Cart Items 
[INFO ] 2025-03-05 16:32:35.307 [main] Loggerload - Search Test: Open Home Page: 
[INFO ] 2025-03-05 16:32:37.287 [main] Loggerload - Search Test: Test Amazon Search
[INFO ] 2025-03-05 16:32:40.847 [main] Loggerload - Product Test: Moving to cart page 
[INFO ] 2025-03-05 16:32:41.489 [main] Loggerload - Product Test: Test Add To Cart 
[INFO ] 2025-03-05 16:32:45.755 [main] Loggerload - Product Test: Moving to cart page 
[INFO ] 2025-03-05 16:32:46.240 [main] Loggerload - Cart Test:Test Cart Items 
[INFO ] 2025-03-05 16:32:51.063 [main] Loggerload - Search Test: Open Home Page: 
[INFO ] 2025-03-05 16:32:53.154 [main] Loggerload - Search Test: Test Amazon Search
[INFO ] 2025-03-05 16:32:56.683 [main] Loggerload - Product Test: Moving to cart page 
[INFO ] 2025-03-05 16:32:56.999 [main] Loggerload - Product Test: Test Add To Cart 
[INFO ] 2025-03-05 16:33:01.966 [main] Loggerload - Product Test: Moving to cart page 
[INFO ] 2025-03-05 16:33:02.403 [main] Loggerload - Cart Test:Test Cart Items 
[INFO ] 2025-03-05 16:35:39.749 [main] Loggerload - Search Test: Open Home Page: 
[INFO ] 2025-03-05 16:35:43.207 [main] Loggerload - Search Test: Test Amazon Search
[INFO ] 2025-03-05 16:35:46.715 [main] Loggerload - Product Test: Moving to cart page 
[INFO ] 2025-03-05 16:35:47.182 [main] Loggerload - Product Test: Test Add To Cart 
[INFO ] 2025-03-05 16:35:52.466 [main] Loggerload - Product Test: Moving to cart page 
[INFO ] 2025-03-05 16:35:52.961 [main] Loggerload - Cart Test:Test Cart Items 
[INFO ] 2025-03-05 16:35:59.509 [main] Loggerload - Search Test: Open Home Page: 
[INFO ] 2025-03-05 16:36:01.716 [main] Loggerload - Search Test: Test Amazon Search
[INFO ] 2025-03-05 16:36:05.629 [main] Loggerload - Product Test: Moving to cart page 
[INFO ] 2025-03-05 16:36:07.991 [main] Loggerload - Product Test: Test Add To Cart 
[INFO ] 2025-03-05 16:36:13.163 [main] Loggerload - Product Test: Moving to cart page 
[INFO ] 2025-03-05 16:36:13.627 [main] Loggerload - Cart Test:Test Cart Items 
[INFO ] 2025-03-05 16:36:20.738 [main] Loggerload - Search Test: Open Home Page: 
[INFO ] 2025-03-05 16:36:23.189 [main] Loggerload - Search Test: Test Amazon Search
[INFO ] 2025-03-05 16:36:28.678 [main] Loggerload - Product Test: Moving to cart page 
[INFO ] 2025-03-05 16:36:29.165 [main] Loggerload - Product Test: Test Add To Cart 
[INFO ] 2025-03-05 16:36:34.427 [main] Loggerload - Product Test: Moving to cart page 
[INFO ] 2025-03-05 16:36:35.003 [main] Loggerload - Cart Test:Test Cart Items 
[INFO ] 2025-03-05 16:46:56.409 [main] Loggerload - Search Test: Open Home Page: 
[INFO ] 2025-03-05 16:46:58.811 [main] Loggerload - Search Test: Test Amazon Search
[INFO ] 2025-03-05 16:47:02.152 [main] Loggerload - Product Test: Moving to cart page 
[INFO ] 2025-03-05 16:47:02.611 [main] Loggerload - Product Test: Test Add To Cart 
[INFO ] 2025-03-05 16:47:06.845 [main] Loggerload - Product Test: Moving to cart page 
[INFO ] 2025-03-05 16:47:07.374 [main] Loggerload - Cart Test:Test Cart Items 
[INFO ] 2025-03-05 16:47:13.281 [main] Loggerload - Search Test: Open Home Page: 
[INFO ] 2025-03-05 16:47:15.207 [main] Loggerload - Search Test: Test Amazon Search
[INFO ] 2025-03-05 16:47:18.561 [main] Loggerload - Product Test: Moving to cart page 
[INFO ] 2025-03-05 16:47:18.931 [main] Loggerload - Product Test: Test Add To Cart 
[INFO ] 2025-03-05 16:47:23.498 [main] Loggerload - Product Test: Moving to cart page 
[INFO ] 2025-03-05 16:47:23.953 [main] Loggerload - Cart Test:Test Cart Items 
[INFO ] 2025-03-05 16:47:29.355 [main] Loggerload - Search Test: Open Home Page: 
[INFO ] 2025-03-05 16:47:31.930 [main] Loggerload - Search Test: Test Amazon Search
[INFO ] 2025-03-05 16:47:35.668 [main] Loggerload - Product Test: Moving to cart page 
[INFO ] 2025-03-05 16:47:36.169 [main] Loggerload - Product Test: Test Add To Cart 
[INFO ] 2025-03-05 16:47:42.202 [main] Loggerload - Product Test: Moving to cart page 
[INFO ] 2025-03-05 16:47:42.758 [main] Loggerload - Cart Test:Test Cart Items 
[INFO ] 2025-03-05 16:56:35.676 [main] Loggerload - Search Test: Open Home Page: 
[INFO ] 2025-03-05 16:56:37.859 [main] Loggerload - Search Test: Test Amazon Search
[INFO ] 2025-03-05 16:56:41.589 [main] Loggerload - Product Test: Moving to cart page 
[INFO ] 2025-03-05 16:56:41.897 [main] Loggerload - Product Test: Test Add To Cart 
[INFO ] 2025-03-05 16:57:01.921 [main] Loggerload - Product Test: Moving to cart page 
[INFO ] 2025-03-05 16:57:02.200 [main] Loggerload - Cart Test:Test Cart Items 
[INFO ] 2025-03-05 16:57:07.622 [main] Loggerload - Search Test: Open Home Page: 
[INFO ] 2025-03-05 16:57:09.387 [main] Loggerload - Search Test: Test Amazon Search
[INFO ] 2025-03-05 16:57:13.447 [main] Loggerload - Product Test: Moving to cart page 
[INFO ] 2025-03-05 16:57:13.657 [main] Loggerload - Product Test: Test Add To Cart 
[INFO ] 2025-03-05 16:57:31.594 [main] Loggerload - Product Test: Moving to cart page 
[INFO ] 2025-03-05 16:57:31.922 [main] Loggerload - Cart Test:Test Cart Items 
[INFO ] 2025-03-05 16:57:35.396 [main] Loggerload - Search Test: Open Home Page: 
[INFO ] 2025-03-05 16:57:37.641 [main] Loggerload - Search Test: Test Amazon Search
[INFO ] 2025-03-05 16:57:40.974 [main] Loggerload - Product Test: Moving to cart page 
[INFO ] 2025-03-05 16:57:41.293 [main] Loggerload - Product Test: Test Add To Cart 
[INFO ] 2025-03-05 16:58:01.694 [main] Loggerload - Product Test: Moving to cart page 
[INFO ] 2025-03-05 16:58:01.975 [main] Loggerload - Cart Test:Test Cart Items 
